<?xml version="1.0" encoding="UTF-8"?>
<!-- Generated by org.testng.reporters.JUnitXMLReporter -->
<testsuite ignored="0" hostname="Rajats-MacBook-Pro.local" failures="0" tests="2" name="/Users/macbookpro/Desktop/seleniumproject1/src/main/java/org/example" time="0.049" errors="0" timestamp="2024-10-21T12:56:44 IST">
  <testcase classname="org.example.Firstpage" name="hello" time="0.004"/>
  <testcase classname="org.example.secondclass2" name="hgello" time="0.0"/>
</testsuite> <!-- /Users/macbookpro/Desktop/seleniumproject1/src/main/java/org/example -->
